

HI-TECH Software 8051 Macro Assembler V9.60                                Page 1
                                                       Thu May 25 18:41:43 2023

     1                           	psect	idata,class=DATA,space=1,limit=080h
     2                           	psect	irdata,class=DATA,limit=080h
     3                           	global	_isr_ex0
     4                           	signat	_isr_ex0,88
     5                           	global	stack_internal
     6                           	psect	text,class=CODE
     7                           	psect	text
     8                           	file	"E:\÷”»Ã6—~1\¬» ¿\œ–¿ “» »\8œ–¿ “~1\vika8\
                                 vika8\main.c"
     9                           	line	4
    10  00003                     _isr_ex0:
    11  00003  80 1C              	j	f1421
    12  00005                     f1420:
    13                           ;main.c: 3: interrupt void isr_ex0(void)
    14                           
    15                           ;main.c: 4: {
    16                           
    17                           ;main.c: 5: if (flag == 0)
    18                           
    19                           	global	_flag
    20                           	line	5
    21  00005  E5 21              	mov	a,_flag+1
    22  00007  45 20              	orl	a,_flag
    23  00009  70 02              	bnz	u11
    24  0000B  80 02              	jmp	u10
    25  0000D                     u11:
    26  0000D  80 08              	jmp	l3
    27  0000F                     u10:
    28                           ;main.c: 6: flag = 1;
    29                           
    30                           	line	6
    31  0000F  75 20  00          	mov	_flag,#high(1)
    32  00012  75 21  01          	mov	_flag+1,#low(1)
    33  00015  80 05              	jmp	l4
    34                           	line	7
    35  00017                     l3:
    36                           ;main.c: 7: else
    37                           
    38                           ;main.c: 8: flag = 0;
    39                           
    40                           	line	8
    41  00017  E4                 	clr	a
    42  00018  F5 20              	mov	_flag,a
    43  0001A  F5 21              	mov	_flag+1,a
    44  0001C                     l4:
    45                           ;main.c: 9: }
    46                           
    47                           	line	9
    48  0001C                     l2:
    49                           	FNROOT	_isr_ex0
    50  0001C  D0 E0              	pop	acc
    51  0001E  D0 D0              	pop	psw
    52  00020  32                 	reti
    53  00021                     f1421:
    54  00021  C0 D0              	push	psw
    55  00023  C0 E0              	push	acc
    56  00025  80 DE              	j	f1420
    57  0000                     f1422	equ	0
    58                           	global	_main
    59                           	signat	_main,88
    60                           	line	12
    61  00027                     _main:
    62  00027  80 33              	j	f1431
    63  00029                     f1430:
    64                           ;main.c: 11: void main()
    65                           
    66                           ;main.c: 12: {
    67                           
    68                           ;main.c: 13: IT0=1;
    69                           
    70                           	line	13
    71  00029  D2 88              	setb	tcon.0
    72                           ;main.c: 14: EX0=1;
    73                           
    74                           	line	14
    75  0002B  D2 A8              	setb	ie.0
    76                           ;main.c: 15: EA=1;
    77                           
    78                           	line	15
    79  0002D  D2 AF              	setb	ie.7
    80                           ;main.c: 17: while (1)
    81                           
    82                           	line	17
    83  0002F                     l7:
    84                           ;main.c: 18: {
    85                           
    86                           ;main.c: 19: P36 = 1;
    87                           
    88                           	line	19
    89  0002F  D2 B6              	setb	p3.6
    90                           ;main.c: 20: P36 = 0;
    91                           
    92                           	line	20
    93  00031  C2 B6              	clr	p3.6
    94                           ;main.c: 21: while (P37 == 1);
    95                           
    96                           	line	21
    97  00033  80 00              	jmp	l9
    98  00035                     l10:
    99  00035                     l9:
   100  00035  20 B7 02           	bb	p3.7, u21
   101  00038  80 02              	jmp	u20
   102  0003A                     u21:
   103  0003A  80 F9              	jmp	l10
   104  0003C                     u20:
   105  0003C                     l11:
   106                           ;main.c: 22: if (flag == 1)
   107                           
   108                           	line	22
   109  0003C  E5 21              	mov	a,_flag+1
   110  0003E  B4 01 07           	cbne	a,#low (1),u31
   111  00041  E5 20              	mov	a,_flag
   112  00043  B4 00 02           	cbne	a,#high (1),u31
   113  00046  80 02              	jmp	u30
   114  00048                     u31:
   115  00048  80 05              	jmp	l12
   116  0004A                     u30:
   117                           ;main.c: 23: P2=P1;
   118                           
   119                           	line	23
   120  0004A  85 90 A0           	mov	0A0h,090h
   121  0004D  80 0A              	jmp	l13
   122                           	line	24
   123  0004F                     l12:
   124                           ;main.c: 24: else
   125                           
   126                           ;main.c: 25: P2 = P1/2*3;
   127                           
   128                           	line	25
   129  0004F  E5 90              	mov	a,090h
   130  00051  C3                 		clr	c
   131  00052  13                 	rrc	a
   132                           
   133  00053  75 F0 03           	mov	b,#03h
   134  00056  A4                 	mul	ab
   135  00057  F5 A0              	mov	0A0h,a
   136  00059                     l13:
   137                           	line	26
   138  00059                     l6:
   139                           	line	17
   140  00059  80 D4              	jmp	l7
   141  0005B                     l8:
   142                           ;main.c: 26: }
   143                           
   144                           ;main.c: 27: }
   145                           
   146                           	line	27
   147  0005B                     l5:
   148  0005B  22                 	ret
   149  0005C                     f1431:
   150  0005C  80 CB              	j	f1430
   151  0000                     f1432	equ	0
   152  0000                     _A10	equ	162
   153  0000                     _A11	equ	163
   154  0000                     _A12	equ	164
   155  0000                     _A13	equ	165
   156  0000                     _A14	equ	166
   157  0000                     _A15	equ	167
   158  0000                     _A8	equ	160
   159  0000                     _A9	equ	161
   160  0000                     _AC	equ	214
   161  0000                     _ACC0	equ	224
   162  0000                     _ACC1	equ	225
   163  0000                     _ACC2	equ	226
   164  0000                     _ACC3	equ	227
   165  0000                     _ACC4	equ	228
   166  0000                     _ACC5	equ	229
   167  0000                     _ACC6	equ	230
   168  0000                     _ACC7	equ	231
   169  0000                     _AD0	equ	128
   170  0000                     _AD1	equ	129
   171  0000                     _AD2	equ	130
   172  0000                     _AD3	equ	131
   173  0000                     _AD4	equ	132
   174  0000                     _AD5	equ	133
   175  0000                     _AD6	equ	134
   176  0000                     _AD7	equ	135
   177  0000                     _B0	equ	240
   178  0000                     _B1	equ	241
   179  0000                     _B2	equ	242
   180  0000                     _B3	equ	243
   181  0000                     _B4	equ	244
   182  0000                     _B5	equ	245
   183  0000                     _B6	equ	246
   184  0000                     _B7	equ	247
   185  0000                     _CY	equ	215
   186  0000                     _EA	equ	175
   187  0000                     _ES	equ	172
   188  0000                     _ET0	equ	169
   189  0000                     _ET1	equ	171
   190  0000                     _EX0	equ	168
   191  0000                     _EX1	equ	170
   192  0000                     _F0	equ	213
   193  0000                     _IE0	equ	137
   194  0000                     _IE1	equ	139
   195  0000                     _INT0	equ	178
   196  0000                     _INT1	equ	179
   197  0000                     _IT0	equ	136
   198  0000                     _IT1	equ	138
   199  0000                     _OV	equ	210
   200  0000                     _P	equ	208
   201  0000                     _P00	equ	128
   202  0000                     _P01	equ	129
   203  0000                     _P02	equ	130
   204  0000                     _P03	equ	131
   205  0000                     _P04	equ	132
   206  0000                     _P05	equ	133
   207  0000                     _P06	equ	134
   208  0000                     _P07	equ	135
   209  0000                     _P10	equ	144
   210  0000                     _P11	equ	145
   211  0000                     _P12	equ	146
   212  0000                     _P13	equ	147
   213  0000                     _P14	equ	148
   214  0000                     _P15	equ	149
   215  0000                     _P16	equ	150
   216  0000                     _P17	equ	151
   217  0000                     _P20	equ	160
   218  0000                     _P21	equ	161
   219  0000                     _P22	equ	162
   220  0000                     _P23	equ	163
   221  0000                     _P24	equ	164
   222  0000                     _P25	equ	165
   223  0000                     _P26	equ	166
   224  0000                     _P27	equ	167
   225  0000                     _P30	equ	176
   226  0000                     _P31	equ	177
   227  0000                     _P32	equ	178
   228  0000                     _P33	equ	179
   229  0000                     _P34	equ	180
   230  0000                     _P35	equ	181
   231  0000                     _P36	equ	182
   232  0000                     _P37	equ	183
   233  0000                     _PS	equ	188
   234  0000                     _PT0	equ	185
   235  0000                     _PT1	equ	187
   236  0000                     _PX0	equ	184
   237  0000                     _PX1	equ	186
   238  0000                     _RB8	equ	154
   239  0000                     _RD	equ	183
   240  0000                     _REN	equ	156
   241  0000                     _RI	equ	152
   242  0000                     _RS0	equ	211
   243  0000                     _RS1	equ	212
   244  0000                     _RXD	equ	176
   245  0000                     _SM0	equ	159
   246  0000                     _SM1	equ	158
   247  0000                     _SM2	equ	157
   248  0000                     _T0	equ	180
   249  0000                     _T1	equ	181
   250  0000                     _TB8	equ	155
   251  0000                     _TF0	equ	141
   252  0000                     _TF1	equ	143
   253  0000                     _TI	equ	153
   254  0000                     _TR0	equ	140
   255  0000                     _TR1	equ	142
   256  0000                     _TXD	equ	177
   257  0000                     _WR	equ	182
   258  0000                     _ACC	equ	224
   259  0000                     _B	equ	240
   260  0000                     _DPH	equ	131
   261  0000                     _DPL	equ	130
   262  0000                     _IE	equ	168
   263  0000                     _IP	equ	184
   264  0000                     _P0	equ	128
   265  0000                     _P1	equ	144
   266  0000                     _P2	equ	160
   267  0000                     _P3	equ	176
   268  0000                     _PCON	equ	135
   269  0000                     _PSW	equ	208
   270  0000                     _SBUF	equ	153
   271  0000                     _SCON	equ	152
   272  0000                     _SP	equ	129
   273  0000                     _TCON	equ	136
   274  0000                     _TH0	equ	140
   275  0000                     _TH1	equ	141
   276  0000                     _TL0	equ	138
   277  0000                     _TL1	equ	139
   278  0000                     _TMOD	equ	137
   279  0000                     _ACC_BITS	equ	224
   280  0000                     _B_BITS	equ	240
   281  0000                     _IE_BITS	equ	168
   282  0000                     _IP_BITS	equ	184
   283  0000                     _P0_BITS	equ	128
   284  0000                     _P1_BITS	equ	144
   285  0000                     _P2_BITS	equ	160
   286  0000                     _P3_BITS	equ	176
   287  0000                     _PCON_BITS	equ	135
   288  0000                     _PSW_BITS	equ	208
   289  0000                     _SCON_BITS	equ	152
   290  0000                     _TCON_BITS	equ	136
   291  0000                     _TMOD_BITS	equ	137
   292                           	psect	rbss,class=DATA,space=1
   293                           	psect	rbss
   294                           	global	_flag
   295  00020                     _flag:
   296  00020                     	ds	2


HI-TECH Software 8051 Macro Assembler V9.60                                Page 2
Symbol Table                                           Thu May 25 18:41:43 2023

            _B 000F0              l2 0001C              l3 00017  
            l4 0001C              l5 0005B              _P 000D0  
            l6 00059              l7 0002F              l8 0005B  
            l9 00035             _B0 000F0             _B1 000F1  
           _B2 000F2             _B3 000F3             _B4 000F4  
           _B5 000F5             _B6 000F6             _A8 000A0  
           _B7 000F7             _A9 000A1             _F0 000D5  
           _AC 000D6             l10 00035             l11 0003C  
           l12 0004F             l13 00059             _EA 000AF  
           _P0 00080             _P1 00090             _P2 000A0  
           _P3 000B0             _IE 000A8             _T0 000B4  
           _T1 000B5             _ES 000AC             _CY 000D7  
           _IP 000B8             _RD 000B7             u10 0000F  
           u11 0000D             u20 0003C             _RI 00098  
           u21 0003A             u30 0004A             u31 00048  
           _TI 00099             _PS 000BC             _OV 000D2  
           _SP 00081             _WR 000B6         _B_BITS 000F0  
          _A10 000A2            _A11 000A3            _A12 000A4  
          _A13 000A5            _A14 000A6            _A15 000A7  
          _AD0 00080            _AD1 00081            _AD2 00082  
          _AD3 00083            _AD4 00084            _AD5 00085  
          _AD6 00086            _AD7 00087            _ACC 000E0  
          _P00 00080            _P01 00081            _P10 00090  
          _P02 00082            _P11 00091            _P03 00083  
          _P20 000A0            _P12 00092            _P04 00084  
          _P21 000A1            _P13 00093            _P05 00085  
          _P30 000B0            _P22 000A2            _P14 00094  
          _P06 00086            _P31 000B1            _P23 000A3  
          _P15 00095            _P07 00087            _P32 000B2  
          _P24 000A4            _P16 00096            _P33 000B3  
          _P25 000A5            _P17 00097            _P34 000B4  
          _P26 000A6            _P35 000B5            _P27 000A7  
          _P36 000B6            _P37 000B7            _IE0 00089  
          _IE1 0008B            _ET0 000A9            _ET1 000AB  
          _EX0 000A8            _EX1 000AA            _DPH 00083  
          _DPL 00082            _IT0 00088            _IT1 0008A  
          _RB8 0009A            _TF0 0008D            _TB8 0009B  
          _TF1 0008F            _TH0 0008C            _TH1 0008D  
          _SM0 0009F            _SM1 0009E            _TL0 0008A  
          _SM2 0009D            _PT0 000B9            _TL1 0008B  
          _PT1 000BB            _RS0 000D3            _RS1 000D4  
          _REN 0009C            _PX0 000B8            _PX1 000BA  
          _TR0 0008C            _TR1 0008E            _RXD 000B0  
          _PSW 000D0            _TXD 000B1        _P0_BITS 00080  
      _P1_BITS 00090        _P2_BITS 000A0        _P3_BITS 000B0  
      _IE_BITS 000A8       _ACC_BITS 000E0        _IP_BITS 000B8  
         f1420 00005           f1421 00021           f1430 00029  
         f1422 00000           f1431 0005C           f1432 00000  
         _ACC0 000E0           _ACC1 000E1           _ACC2 000E2  
         _ACC3 000E3           _ACC4 000E4           _ACC5 000E5  
         _ACC6 000E6           _ACC7 000E7  stack_internal 00001  
         _INT0 000B2           _INT1 000B3           _PCON 00087  
         _SCON 00098           _SBUF 00099           _TCON 00088  
         _TMOD 00089           _flag 00020           _main 00027  
     _PSW_BITS 000D0        _isr_ex0 00003      _PCON_BITS 00087  
    _SCON_BITS 00098      _TCON_BITS 00088      _TMOD_BITS 00089  
